-------------------------------------------------------------------------------
Test set: jdlr.escape.combination_game.mode.ChallengerModeTest
-------------------------------------------------------------------------------
Tests run: 1, Failures: 1, Errors: 0, Skipped: 0, Time elapsed: 0.004 sec <<< FAILURE!
testInGame(jdlr.escape.combination_game.mode.ChallengerModeTest)  Time elapsed: 0 sec  <<< FAILURE!
junit.framework.AssertionFailedError: Not yet implemented
	at junit.framework.Assert.fail(Assert.java:47)
	at jdlr.escape.combination_game.mode.ChallengerModeTest.testInGame(ChallengerModeTest.java:8)

